\BOOKMARK [0][-]{Doc-Start}{論文摘要}{}% 1
\BOOKMARK [0][-]{Doc-Start}{Abstract}{}% 2
\BOOKMARK [0][-]{chapter*.1}{誌謝}{}% 3
\BOOKMARK [0][-]{chapter*.1}{目錄}{}% 4
\BOOKMARK [0][-]{chapter*.2}{圖目錄}{}% 5
\BOOKMARK [0][-]{chapter*.3}{表目錄}{}% 6
\BOOKMARK [0][-]{chapter.1}{緒論}{}% 7
\BOOKMARK [1][-]{section.1.1}{動機與目的}{chapter.1}% 8
\BOOKMARK [1][-]{section.1.2}{研究方法}{chapter.1}% 9
\BOOKMARK [1][-]{section.1.3}{論文架構}{chapter.1}% 10
\BOOKMARK [0][-]{chapter.2}{Preliminaries}{}% 11
\BOOKMARK [0][-]{chapter.3}{校舍耐震資料庫}{}% 12
\BOOKMARK [1][-]{section.3.1}{收集範圍}{chapter.3}% 13
\BOOKMARK [2][-]{subsection.3.1.1}{初步評估}{section.3.1}% 14
\BOOKMARK [2][-]{subsection.3.1.2}{詳細評估}{section.3.1}% 15
\BOOKMARK [2][-]{subsection.3.1.3}{補強設計}{section.3.1}% 16
\BOOKMARK [2][-]{subsection.3.1.4}{補強工程}{section.3.1}% 17
\BOOKMARK [0][-]{chapter.4}{資料探勘}{}% 18
\BOOKMARK [1][-]{section.4.1}{Generalized\040Linear\040Model}{chapter.4}% 19
\BOOKMARK [1][-]{section.4.2}{Support\040Vector\040Machine}{chapter.4}% 20
\BOOKMARK [1][-]{section.4.3}{Artificial\040Neural\040Networks}{chapter.4}% 21
\BOOKMARK [1][-]{section.4.4}{Genetic\040Programming}{chapter.4}% 22
\BOOKMARK [1][-]{section.4.5}{Weighted\040Genetic\040Programming}{chapter.4}% 23
\BOOKMARK [1][-]{section.4.6}{K-means}{chapter.4}% 24
\BOOKMARK [1][-]{section.4.7}{Nearest\040Neightborhood}{chapter.4}% 25
\BOOKMARK [0][-]{chapter.5}{耐震能力預測}{}% 26
\BOOKMARK [0][-]{chapter.6}{破壞構件預測}{}% 27
\BOOKMARK [0][-]{chapter.7}{補強經費預測}{}% 28
\BOOKMARK [0][-]{chapter.8}{結論與後續工作}{}% 29
\BOOKMARK [1][-]{section.8.1}{Future\040Work}{chapter.8}% 30
\BOOKMARK [0][-]{section.8.1}{參考文獻}{}% 31
\BOOKMARK [0][-]{chapter*.5}{授權書}{}% 32
